  ExampleBaseScene.cpp
C:\Users\Alexander\Desktop\UOIT Game Dev\Year 1 2019-2020\Sem2\Game Dev Workshop 2\March-27-P-Body-\SpriteLib3.0-ExampleProject\ExampleBaseScene.cpp(107,68): warning C4244:  'argument': conversion from 'double' to 'int', possible loss of data
C:\Users\Alexander\Desktop\UOIT Game Dev\Year 1 2019-2020\Sem2\Game Dev Workshop 2\March-27-P-Body-\SpriteLib3.0-ExampleProject\ExampleBaseScene.cpp(107,60): warning C4244:  'argument': conversion from 'double' to 'int', possible loss of data
C:\Users\Alexander\Desktop\UOIT Game Dev\Year 1 2019-2020\Sem2\Game Dev Workshop 2\March-27-P-Body-\SpriteLib3.0-ExampleProject\ExampleBaseScene.cpp(129,38): warning C4312:  'type cast': conversion from 'unsigned int' to 'void *' of greater size
C:\Users\Alexander\Desktop\UOIT Game Dev\Year 1 2019-2020\Sem2\Game Dev Workshop 2\March-27-P-Body-\SpriteLib3.0-ExampleProject\ExampleBaseScene.cpp(177,38): warning C4312:  'type cast': conversion from 'unsigned int' to 'void *' of greater size
C:\Users\Alexander\Desktop\UOIT Game Dev\Year 1 2019-2020\Sem2\Game Dev Workshop 2\March-27-P-Body-\SpriteLib3.0-ExampleProject\ExampleBaseScene.cpp(203,82): warning C4244:  'argument': conversion from 'double' to 'int', possible loss of data
C:\Users\Alexander\Desktop\UOIT Game Dev\Year 1 2019-2020\Sem2\Game Dev Workshop 2\March-27-P-Body-\SpriteLib3.0-ExampleProject\ExampleBaseScene.cpp(203,72): warning C4244:  'argument': conversion from 'double' to 'int', possible loss of data
C:\Users\Alexander\Desktop\UOIT Game Dev\Year 1 2019-2020\Sem2\Game Dev Workshop 2\March-27-P-Body-\SpriteLib3.0-ExampleProject\ExampleBaseScene.cpp(224,84): warning C4244:  'argument': conversion from 'double' to 'int', possible loss of data
C:\Users\Alexander\Desktop\UOIT Game Dev\Year 1 2019-2020\Sem2\Game Dev Workshop 2\March-27-P-Body-\SpriteLib3.0-ExampleProject\ExampleBaseScene.cpp(224,73): warning C4244:  'argument': conversion from 'double' to 'int', possible loss of data
C:\Users\Alexander\Desktop\UOIT Game Dev\Year 1 2019-2020\Sem2\Game Dev Workshop 2\March-27-P-Body-\SpriteLib3.0-ExampleProject\ExampleBaseScene.cpp(279,73): warning C4244:  'argument': conversion from 'double' to 'int', possible loss of data
C:\Users\Alexander\Desktop\UOIT Game Dev\Year 1 2019-2020\Sem2\Game Dev Workshop 2\March-27-P-Body-\SpriteLib3.0-ExampleProject\ExampleBaseScene.cpp(279,63): warning C4244:  'argument': conversion from 'double' to 'int', possible loss of data
C:\Users\Alexander\Desktop\UOIT Game Dev\Year 1 2019-2020\Sem2\Game Dev Workshop 2\March-27-P-Body-\SpriteLib3.0-ExampleProject\ExampleBaseScene.cpp(462,40): warning C4312:  'type cast': conversion from 'unsigned int' to 'void *' of greater size
C:\Users\Alexander\Desktop\UOIT Game Dev\Year 1 2019-2020\Sem2\Game Dev Workshop 2\March-27-P-Body-\SpriteLib3.0-ExampleProject\ExampleBaseScene.cpp(504,38): warning C4312:  'type cast': conversion from 'unsigned int' to 'void *' of greater size
C:\Users\Alexander\Desktop\UOIT Game Dev\Year 1 2019-2020\Sem2\Game Dev Workshop 2\March-27-P-Body-\SpriteLib3.0-ExampleProject\ExampleBaseScene.cpp(544,39): warning C4312:  'type cast': conversion from 'unsigned int' to 'void *' of greater size
C:\Users\Alexander\Desktop\UOIT Game Dev\Year 1 2019-2020\Sem2\Game Dev Workshop 2\March-27-P-Body-\SpriteLib3.0-ExampleProject\ExampleBaseScene.cpp(584,39): warning C4312:  'type cast': conversion from 'unsigned int' to 'void *' of greater size
C:\Users\Alexander\Desktop\UOIT Game Dev\Year 1 2019-2020\Sem2\Game Dev Workshop 2\March-27-P-Body-\SpriteLib3.0-ExampleProject\ExampleBaseScene.cpp(624,39): warning C4312:  'type cast': conversion from 'unsigned int' to 'void *' of greater size
C:\Users\Alexander\Desktop\UOIT Game Dev\Year 1 2019-2020\Sem2\Game Dev Workshop 2\March-27-P-Body-\SpriteLib3.0-ExampleProject\ExampleBaseScene.cpp(664,39): warning C4312:  'type cast': conversion from 'unsigned int' to 'void *' of greater size
C:\Users\Alexander\Desktop\UOIT Game Dev\Year 1 2019-2020\Sem2\Game Dev Workshop 2\March-27-P-Body-\SpriteLib3.0-ExampleProject\ExampleBaseScene.cpp(704,39): warning C4312:  'type cast': conversion from 'unsigned int' to 'void *' of greater size
C:\Users\Alexander\Desktop\UOIT Game Dev\Year 1 2019-2020\Sem2\Game Dev Workshop 2\March-27-P-Body-\SpriteLib3.0-ExampleProject\ExampleBaseScene.cpp(744,39): warning C4312:  'type cast': conversion from 'unsigned int' to 'void *' of greater size
C:\Users\Alexander\Desktop\UOIT Game Dev\Year 1 2019-2020\Sem2\Game Dev Workshop 2\March-27-P-Body-\SpriteLib3.0-ExampleProject\ExampleBaseScene.cpp(784,39): warning C4312:  'type cast': conversion from 'unsigned int' to 'void *' of greater size
C:\Users\Alexander\Desktop\UOIT Game Dev\Year 1 2019-2020\Sem2\Game Dev Workshop 2\March-27-P-Body-\SpriteLib3.0-ExampleProject\ExampleBaseScene.cpp(824,39): warning C4312:  'type cast': conversion from 'unsigned int' to 'void *' of greater size
C:\Users\Alexander\Desktop\UOIT Game Dev\Year 1 2019-2020\Sem2\Game Dev Workshop 2\March-27-P-Body-\SpriteLib3.0-ExampleProject\ExampleBaseScene.cpp(848,59): warning C4244:  'argument': conversion from 'double' to 'int', possible loss of data
C:\Users\Alexander\Desktop\UOIT Game Dev\Year 1 2019-2020\Sem2\Game Dev Workshop 2\March-27-P-Body-\SpriteLib3.0-ExampleProject\ExampleBaseScene.cpp(864,39): warning C4312:  'type cast': conversion from 'unsigned int' to 'void *' of greater size
C:\Users\Alexander\Desktop\UOIT Game Dev\Year 1 2019-2020\Sem2\Game Dev Workshop 2\March-27-P-Body-\SpriteLib3.0-ExampleProject\ExampleBaseScene.cpp(904,39): warning C4312:  'type cast': conversion from 'unsigned int' to 'void *' of greater size
C:\Users\Alexander\Desktop\UOIT Game Dev\Year 1 2019-2020\Sem2\Game Dev Workshop 2\March-27-P-Body-\SpriteLib3.0-ExampleProject\ExampleBaseScene.cpp(928,59): warning C4244:  'argument': conversion from 'double' to 'int', possible loss of data
C:\Users\Alexander\Desktop\UOIT Game Dev\Year 1 2019-2020\Sem2\Game Dev Workshop 2\March-27-P-Body-\SpriteLib3.0-ExampleProject\ExampleBaseScene.cpp(944,39): warning C4312:  'type cast': conversion from 'unsigned int' to 'void *' of greater size
C:\Users\Alexander\Desktop\UOIT Game Dev\Year 1 2019-2020\Sem2\Game Dev Workshop 2\March-27-P-Body-\SpriteLib3.0-ExampleProject\ExampleBaseScene.cpp(984,39): warning C4312:  'type cast': conversion from 'unsigned int' to 'void *' of greater size
C:\Users\Alexander\Desktop\UOIT Game Dev\Year 1 2019-2020\Sem2\Game Dev Workshop 2\March-27-P-Body-\SpriteLib3.0-ExampleProject\ExampleBaseScene.cpp(1024,39): warning C4312:  'type cast': conversion from 'unsigned int' to 'void *' of greater size
C:\Users\Alexander\Desktop\UOIT Game Dev\Year 1 2019-2020\Sem2\Game Dev Workshop 2\March-27-P-Body-\SpriteLib3.0-ExampleProject\ExampleBaseScene.cpp(1064,39): warning C4312:  'type cast': conversion from 'unsigned int' to 'void *' of greater size
C:\Users\Alexander\Desktop\UOIT Game Dev\Year 1 2019-2020\Sem2\Game Dev Workshop 2\March-27-P-Body-\SpriteLib3.0-ExampleProject\ExampleBaseScene.cpp(1104,39): warning C4312:  'type cast': conversion from 'unsigned int' to 'void *' of greater size
C:\Users\Alexander\Desktop\UOIT Game Dev\Year 1 2019-2020\Sem2\Game Dev Workshop 2\March-27-P-Body-\SpriteLib3.0-ExampleProject\ExampleBaseScene.cpp(1144,39): warning C4312:  'type cast': conversion from 'unsigned int' to 'void *' of greater size
C:\Users\Alexander\Desktop\UOIT Game Dev\Year 1 2019-2020\Sem2\Game Dev Workshop 2\March-27-P-Body-\SpriteLib3.0-ExampleProject\ExampleBaseScene.cpp(1168,65): warning C4244:  'argument': conversion from 'double' to 'int', possible loss of data
C:\Users\Alexander\Desktop\UOIT Game Dev\Year 1 2019-2020\Sem2\Game Dev Workshop 2\March-27-P-Body-\SpriteLib3.0-ExampleProject\ExampleBaseScene.cpp(1168,59): warning C4244:  'argument': conversion from 'double' to 'int', possible loss of data
C:\Users\Alexander\Desktop\UOIT Game Dev\Year 1 2019-2020\Sem2\Game Dev Workshop 2\March-27-P-Body-\SpriteLib3.0-ExampleProject\ExampleBaseScene.cpp(1184,39): warning C4312:  'type cast': conversion from 'unsigned int' to 'void *' of greater size
C:\Users\Alexander\Desktop\UOIT Game Dev\Year 1 2019-2020\Sem2\Game Dev Workshop 2\March-27-P-Body-\SpriteLib3.0-ExampleProject\ExampleBaseScene.cpp(1224,39): warning C4312:  'type cast': conversion from 'unsigned int' to 'void *' of greater size
C:\Users\Alexander\Desktop\UOIT Game Dev\Year 1 2019-2020\Sem2\Game Dev Workshop 2\March-27-P-Body-\SpriteLib3.0-ExampleProject\ExampleBaseScene.cpp(1248,65): warning C4244:  'argument': conversion from 'double' to 'int', possible loss of data
C:\Users\Alexander\Desktop\UOIT Game Dev\Year 1 2019-2020\Sem2\Game Dev Workshop 2\March-27-P-Body-\SpriteLib3.0-ExampleProject\ExampleBaseScene.cpp(1248,59): warning C4244:  'argument': conversion from 'double' to 'int', possible loss of data
C:\Users\Alexander\Desktop\UOIT Game Dev\Year 1 2019-2020\Sem2\Game Dev Workshop 2\March-27-P-Body-\SpriteLib3.0-ExampleProject\ExampleBaseScene.cpp(1264,39): warning C4312:  'type cast': conversion from 'unsigned int' to 'void *' of greater size
C:\Users\Alexander\Desktop\UOIT Game Dev\Year 1 2019-2020\Sem2\Game Dev Workshop 2\March-27-P-Body-\SpriteLib3.0-ExampleProject\ExampleBaseScene.cpp(1304,39): warning C4312:  'type cast': conversion from 'unsigned int' to 'void *' of greater size
C:\Users\Alexander\Desktop\UOIT Game Dev\Year 1 2019-2020\Sem2\Game Dev Workshop 2\March-27-P-Body-\SpriteLib3.0-ExampleProject\ExampleBaseScene.cpp(1328,65): warning C4244:  'argument': conversion from 'double' to 'int', possible loss of data
C:\Users\Alexander\Desktop\UOIT Game Dev\Year 1 2019-2020\Sem2\Game Dev Workshop 2\March-27-P-Body-\SpriteLib3.0-ExampleProject\ExampleBaseScene.cpp(1328,59): warning C4244:  'argument': conversion from 'double' to 'int', possible loss of data
C:\Users\Alexander\Desktop\UOIT Game Dev\Year 1 2019-2020\Sem2\Game Dev Workshop 2\March-27-P-Body-\SpriteLib3.0-ExampleProject\ExampleBaseScene.cpp(1344,39): warning C4312:  'type cast': conversion from 'unsigned int' to 'void *' of greater size
C:\Users\Alexander\Desktop\UOIT Game Dev\Year 1 2019-2020\Sem2\Game Dev Workshop 2\March-27-P-Body-\SpriteLib3.0-ExampleProject\ExampleBaseScene.cpp(1384,39): warning C4312:  'type cast': conversion from 'unsigned int' to 'void *' of greater size
C:\Users\Alexander\Desktop\UOIT Game Dev\Year 1 2019-2020\Sem2\Game Dev Workshop 2\March-27-P-Body-\SpriteLib3.0-ExampleProject\ExampleBaseScene.cpp(1424,39): warning C4312:  'type cast': conversion from 'unsigned int' to 'void *' of greater size
C:\Users\Alexander\Desktop\UOIT Game Dev\Year 1 2019-2020\Sem2\Game Dev Workshop 2\March-27-P-Body-\SpriteLib3.0-ExampleProject\ExampleBaseScene.cpp(1464,39): warning C4312:  'type cast': conversion from 'unsigned int' to 'void *' of greater size
C:\Users\Alexander\Desktop\UOIT Game Dev\Year 1 2019-2020\Sem2\Game Dev Workshop 2\March-27-P-Body-\SpriteLib3.0-ExampleProject\ExampleBaseScene.cpp(1488,59): warning C4244:  'argument': conversion from 'double' to 'int', possible loss of data
C:\Users\Alexander\Desktop\UOIT Game Dev\Year 1 2019-2020\Sem2\Game Dev Workshop 2\March-27-P-Body-\SpriteLib3.0-ExampleProject\ExampleBaseScene.cpp(1504,39): warning C4312:  'type cast': conversion from 'unsigned int' to 'void *' of greater size
C:\Users\Alexander\Desktop\UOIT Game Dev\Year 1 2019-2020\Sem2\Game Dev Workshop 2\March-27-P-Body-\SpriteLib3.0-ExampleProject\ExampleBaseScene.cpp(1544,39): warning C4312:  'type cast': conversion from 'unsigned int' to 'void *' of greater size
C:\Users\Alexander\Desktop\UOIT Game Dev\Year 1 2019-2020\Sem2\Game Dev Workshop 2\March-27-P-Body-\SpriteLib3.0-ExampleProject\ExampleBaseScene.cpp(1568,59): warning C4244:  'argument': conversion from 'double' to 'int', possible loss of data
C:\Users\Alexander\Desktop\UOIT Game Dev\Year 1 2019-2020\Sem2\Game Dev Workshop 2\March-27-P-Body-\SpriteLib3.0-ExampleProject\ExampleBaseScene.cpp(1584,39): warning C4312:  'type cast': conversion from 'unsigned int' to 'void *' of greater size
C:\Users\Alexander\Desktop\UOIT Game Dev\Year 1 2019-2020\Sem2\Game Dev Workshop 2\March-27-P-Body-\SpriteLib3.0-ExampleProject\ExampleBaseScene.cpp(1608,59): warning C4244:  'argument': conversion from 'double' to 'int', possible loss of data
C:\Users\Alexander\Desktop\UOIT Game Dev\Year 1 2019-2020\Sem2\Game Dev Workshop 2\March-27-P-Body-\SpriteLib3.0-ExampleProject\ExampleBaseScene.cpp(1624,39): warning C4312:  'type cast': conversion from 'unsigned int' to 'void *' of greater size
C:\Users\Alexander\Desktop\UOIT Game Dev\Year 1 2019-2020\Sem2\Game Dev Workshop 2\March-27-P-Body-\SpriteLib3.0-ExampleProject\ExampleBaseScene.cpp(1648,59): warning C4244:  'argument': conversion from 'double' to 'int', possible loss of data
C:\Users\Alexander\Desktop\UOIT Game Dev\Year 1 2019-2020\Sem2\Game Dev Workshop 2\March-27-P-Body-\SpriteLib3.0-ExampleProject\ExampleBaseScene.cpp(1664,39): warning C4312:  'type cast': conversion from 'unsigned int' to 'void *' of greater size
C:\Users\Alexander\Desktop\UOIT Game Dev\Year 1 2019-2020\Sem2\Game Dev Workshop 2\March-27-P-Body-\SpriteLib3.0-ExampleProject\ExampleBaseScene.cpp(1689,59): warning C4244:  'argument': conversion from 'double' to 'int', possible loss of data
C:\Users\Alexander\Desktop\UOIT Game Dev\Year 1 2019-2020\Sem2\Game Dev Workshop 2\March-27-P-Body-\SpriteLib3.0-ExampleProject\ExampleBaseScene.cpp(1705,39): warning C4312:  'type cast': conversion from 'unsigned int' to 'void *' of greater size
C:\Users\Alexander\Desktop\UOIT Game Dev\Year 1 2019-2020\Sem2\Game Dev Workshop 2\March-27-P-Body-\SpriteLib3.0-ExampleProject\ExampleBaseScene.cpp(1729,65): warning C4244:  'argument': conversion from 'double' to 'int', possible loss of data
C:\Users\Alexander\Desktop\UOIT Game Dev\Year 1 2019-2020\Sem2\Game Dev Workshop 2\March-27-P-Body-\SpriteLib3.0-ExampleProject\ExampleBaseScene.cpp(1729,59): warning C4244:  'argument': conversion from 'double' to 'int', possible loss of data
C:\Users\Alexander\Desktop\UOIT Game Dev\Year 1 2019-2020\Sem2\Game Dev Workshop 2\March-27-P-Body-\SpriteLib3.0-ExampleProject\ExampleBaseScene.cpp(1745,39): warning C4312:  'type cast': conversion from 'unsigned int' to 'void *' of greater size
C:\Users\Alexander\Desktop\UOIT Game Dev\Year 1 2019-2020\Sem2\Game Dev Workshop 2\March-27-P-Body-\SpriteLib3.0-ExampleProject\ExampleBaseScene.cpp(1785,39): warning C4312:  'type cast': conversion from 'unsigned int' to 'void *' of greater size
C:\Users\Alexander\Desktop\UOIT Game Dev\Year 1 2019-2020\Sem2\Game Dev Workshop 2\March-27-P-Body-\SpriteLib3.0-ExampleProject\ExampleBaseScene.cpp(1825,39): warning C4312:  'type cast': conversion from 'unsigned int' to 'void *' of greater size
C:\Users\Alexander\Desktop\UOIT Game Dev\Year 1 2019-2020\Sem2\Game Dev Workshop 2\March-27-P-Body-\SpriteLib3.0-ExampleProject\ExampleBaseScene.cpp(1865,39): warning C4312:  'type cast': conversion from 'unsigned int' to 'void *' of greater size
C:\Users\Alexander\Desktop\UOIT Game Dev\Year 1 2019-2020\Sem2\Game Dev Workshop 2\March-27-P-Body-\SpriteLib3.0-ExampleProject\ExampleBaseScene.cpp(1905,39): warning C4312:  'type cast': conversion from 'unsigned int' to 'void *' of greater size
C:\Users\Alexander\Desktop\UOIT Game Dev\Year 1 2019-2020\Sem2\Game Dev Workshop 2\March-27-P-Body-\SpriteLib3.0-ExampleProject\ExampleBaseScene.cpp(1945,39): warning C4312:  'type cast': conversion from 'unsigned int' to 'void *' of greater size
C:\Users\Alexander\Desktop\UOIT Game Dev\Year 1 2019-2020\Sem2\Game Dev Workshop 2\March-27-P-Body-\SpriteLib3.0-ExampleProject\ExampleBaseScene.cpp(1984,39): warning C4312:  'type cast': conversion from 'unsigned int' to 'void *' of greater size
C:\Users\Alexander\Desktop\UOIT Game Dev\Year 1 2019-2020\Sem2\Game Dev Workshop 2\March-27-P-Body-\SpriteLib3.0-ExampleProject\ExampleBaseScene.cpp(2024,39): warning C4312:  'type cast': conversion from 'unsigned int' to 'void *' of greater size
C:\Users\Alexander\Desktop\UOIT Game Dev\Year 1 2019-2020\Sem2\Game Dev Workshop 2\March-27-P-Body-\SpriteLib3.0-ExampleProject\ExampleBaseScene.cpp(2064,39): warning C4312:  'type cast': conversion from 'unsigned int' to 'void *' of greater size
C:\Users\Alexander\Desktop\UOIT Game Dev\Year 1 2019-2020\Sem2\Game Dev Workshop 2\March-27-P-Body-\SpriteLib3.0-ExampleProject\ExampleBaseScene.cpp(2104,39): warning C4312:  'type cast': conversion from 'unsigned int' to 'void *' of greater size
C:\Users\Alexander\Desktop\UOIT Game Dev\Year 1 2019-2020\Sem2\Game Dev Workshop 2\March-27-P-Body-\SpriteLib3.0-ExampleProject\ExampleBaseScene.cpp(2144,39): warning C4312:  'type cast': conversion from 'unsigned int' to 'void *' of greater size
C:\Users\Alexander\Desktop\UOIT Game Dev\Year 1 2019-2020\Sem2\Game Dev Workshop 2\March-27-P-Body-\SpriteLib3.0-ExampleProject\ExampleBaseScene.cpp(2184,39): warning C4312:  'type cast': conversion from 'unsigned int' to 'void *' of greater size
C:\Users\Alexander\Desktop\UOIT Game Dev\Year 1 2019-2020\Sem2\Game Dev Workshop 2\March-27-P-Body-\SpriteLib3.0-ExampleProject\ExampleBaseScene.cpp(2208,63): warning C4244:  'argument': conversion from 'double' to 'int', possible loss of data
C:\Users\Alexander\Desktop\UOIT Game Dev\Year 1 2019-2020\Sem2\Game Dev Workshop 2\March-27-P-Body-\SpriteLib3.0-ExampleProject\ExampleBaseScene.cpp(2224,39): warning C4312:  'type cast': conversion from 'unsigned int' to 'void *' of greater size
C:\Users\Alexander\Desktop\UOIT Game Dev\Year 1 2019-2020\Sem2\Game Dev Workshop 2\March-27-P-Body-\SpriteLib3.0-ExampleProject\ExampleBaseScene.cpp(2248,63): warning C4244:  'argument': conversion from 'double' to 'int', possible loss of data
C:\Users\Alexander\Desktop\UOIT Game Dev\Year 1 2019-2020\Sem2\Game Dev Workshop 2\March-27-P-Body-\SpriteLib3.0-ExampleProject\ExampleBaseScene.cpp(2264,39): warning C4312:  'type cast': conversion from 'unsigned int' to 'void *' of greater size
C:\Users\Alexander\Desktop\UOIT Game Dev\Year 1 2019-2020\Sem2\Game Dev Workshop 2\March-27-P-Body-\SpriteLib3.0-ExampleProject\ExampleBaseScene.cpp(2288,63): warning C4244:  'argument': conversion from 'double' to 'int', possible loss of data
C:\Users\Alexander\Desktop\UOIT Game Dev\Year 1 2019-2020\Sem2\Game Dev Workshop 2\March-27-P-Body-\SpriteLib3.0-ExampleProject\ExampleBaseScene.cpp(2304,39): warning C4312:  'type cast': conversion from 'unsigned int' to 'void *' of greater size
C:\Users\Alexander\Desktop\UOIT Game Dev\Year 1 2019-2020\Sem2\Game Dev Workshop 2\March-27-P-Body-\SpriteLib3.0-ExampleProject\ExampleBaseScene.cpp(2328,63): warning C4244:  'argument': conversion from 'double' to 'int', possible loss of data
C:\Users\Alexander\Desktop\UOIT Game Dev\Year 1 2019-2020\Sem2\Game Dev Workshop 2\March-27-P-Body-\SpriteLib3.0-ExampleProject\ExampleBaseScene.cpp(2344,39): warning C4312:  'type cast': conversion from 'unsigned int' to 'void *' of greater size
C:\Users\Alexander\Desktop\UOIT Game Dev\Year 1 2019-2020\Sem2\Game Dev Workshop 2\March-27-P-Body-\SpriteLib3.0-ExampleProject\ExampleBaseScene.cpp(2385,39): warning C4312:  'type cast': conversion from 'unsigned int' to 'void *' of greater size
C:\Users\Alexander\Desktop\UOIT Game Dev\Year 1 2019-2020\Sem2\Game Dev Workshop 2\March-27-P-Body-\SpriteLib3.0-ExampleProject\ExampleBaseScene.cpp(2425,39): warning C4312:  'type cast': conversion from 'unsigned int' to 'void *' of greater size
C:\Users\Alexander\Desktop\UOIT Game Dev\Year 1 2019-2020\Sem2\Game Dev Workshop 2\March-27-P-Body-\SpriteLib3.0-ExampleProject\ExampleBaseScene.cpp(2465,39): warning C4312:  'type cast': conversion from 'unsigned int' to 'void *' of greater size
C:\Users\Alexander\Desktop\UOIT Game Dev\Year 1 2019-2020\Sem2\Game Dev Workshop 2\March-27-P-Body-\SpriteLib3.0-ExampleProject\ExampleBaseScene.cpp(2505,39): warning C4312:  'type cast': conversion from 'unsigned int' to 'void *' of greater size
C:\Users\Alexander\Desktop\UOIT Game Dev\Year 1 2019-2020\Sem2\Game Dev Workshop 2\March-27-P-Body-\SpriteLib3.0-ExampleProject\ExampleBaseScene.cpp(2546,39): warning C4312:  'type cast': conversion from 'unsigned int' to 'void *' of greater size
C:\Users\Alexander\Desktop\UOIT Game Dev\Year 1 2019-2020\Sem2\Game Dev Workshop 2\March-27-P-Body-\SpriteLib3.0-ExampleProject\ExampleBaseScene.cpp(2586,39): warning C4312:  'type cast': conversion from 'unsigned int' to 'void *' of greater size
C:\Users\Alexander\Desktop\UOIT Game Dev\Year 1 2019-2020\Sem2\Game Dev Workshop 2\March-27-P-Body-\SpriteLib3.0-ExampleProject\ExampleBaseScene.cpp(2627,39): warning C4312:  'type cast': conversion from 'unsigned int' to 'void *' of greater size
C:\Users\Alexander\Desktop\UOIT Game Dev\Year 1 2019-2020\Sem2\Game Dev Workshop 2\March-27-P-Body-\SpriteLib3.0-ExampleProject\ExampleBaseScene.cpp(2667,39): warning C4312:  'type cast': conversion from 'unsigned int' to 'void *' of greater size
C:\Users\Alexander\Desktop\UOIT Game Dev\Year 1 2019-2020\Sem2\Game Dev Workshop 2\March-27-P-Body-\SpriteLib3.0-ExampleProject\ExampleBaseScene.cpp(2707,39): warning C4312:  'type cast': conversion from 'unsigned int' to 'void *' of greater size
C:\Users\Alexander\Desktop\UOIT Game Dev\Year 1 2019-2020\Sem2\Game Dev Workshop 2\March-27-P-Body-\SpriteLib3.0-ExampleProject\ExampleBaseScene.cpp(2747,39): warning C4312:  'type cast': conversion from 'unsigned int' to 'void *' of greater size
C:\Users\Alexander\Desktop\UOIT Game Dev\Year 1 2019-2020\Sem2\Game Dev Workshop 2\March-27-P-Body-\SpriteLib3.0-ExampleProject\ExampleBaseScene.cpp(2787,39): warning C4312:  'type cast': conversion from 'unsigned int' to 'void *' of greater size
C:\Users\Alexander\Desktop\UOIT Game Dev\Year 1 2019-2020\Sem2\Game Dev Workshop 2\March-27-P-Body-\SpriteLib3.0-ExampleProject\ExampleBaseScene.cpp(2827,39): warning C4312:  'type cast': conversion from 'unsigned int' to 'void *' of greater size
C:\Users\Alexander\Desktop\UOIT Game Dev\Year 1 2019-2020\Sem2\Game Dev Workshop 2\March-27-P-Body-\SpriteLib3.0-ExampleProject\ExampleBaseScene.cpp(2867,39): warning C4312:  'type cast': conversion from 'unsigned int' to 'void *' of greater size
C:\Users\Alexander\Desktop\UOIT Game Dev\Year 1 2019-2020\Sem2\Game Dev Workshop 2\March-27-P-Body-\SpriteLib3.0-ExampleProject\ExampleBaseScene.cpp(2907,39): warning C4312:  'type cast': conversion from 'unsigned int' to 'void *' of greater size
C:\Users\Alexander\Desktop\UOIT Game Dev\Year 1 2019-2020\Sem2\Game Dev Workshop 2\March-27-P-Body-\SpriteLib3.0-ExampleProject\ExampleBaseScene.cpp(2947,39): warning C4312:  'type cast': conversion from 'unsigned int' to 'void *' of greater size
C:\Users\Alexander\Desktop\UOIT Game Dev\Year 1 2019-2020\Sem2\Game Dev Workshop 2\March-27-P-Body-\SpriteLib3.0-ExampleProject\ExampleBaseScene.cpp(2987,39): warning C4312:  'type cast': conversion from 'unsigned int' to 'void *' of greater size
C:\Users\Alexander\Desktop\UOIT Game Dev\Year 1 2019-2020\Sem2\Game Dev Workshop 2\March-27-P-Body-\SpriteLib3.0-ExampleProject\ExampleBaseScene.cpp(3027,39): warning C4312:  'type cast': conversion from 'unsigned int' to 'void *' of greater size
C:\Users\Alexander\Desktop\UOIT Game Dev\Year 1 2019-2020\Sem2\Game Dev Workshop 2\March-27-P-Body-\SpriteLib3.0-ExampleProject\ExampleBaseScene.cpp(3067,39): warning C4312:  'type cast': conversion from 'unsigned int' to 'void *' of greater size
C:\Users\Alexander\Desktop\UOIT Game Dev\Year 1 2019-2020\Sem2\Game Dev Workshop 2\March-27-P-Body-\SpriteLib3.0-ExampleProject\ExampleBaseScene.cpp(3107,39): warning C4312:  'type cast': conversion from 'unsigned int' to 'void *' of greater size
C:\Users\Alexander\Desktop\UOIT Game Dev\Year 1 2019-2020\Sem2\Game Dev Workshop 2\March-27-P-Body-\SpriteLib3.0-ExampleProject\ExampleBaseScene.cpp(3146,39): warning C4312:  'type cast': conversion from 'unsigned int' to 'void *' of greater size
C:\Users\Alexander\Desktop\UOIT Game Dev\Year 1 2019-2020\Sem2\Game Dev Workshop 2\March-27-P-Body-\SpriteLib3.0-ExampleProject\ExampleBaseScene.cpp(3186,39): warning C4312:  'type cast': conversion from 'unsigned int' to 'void *' of greater size
C:\Users\Alexander\Desktop\UOIT Game Dev\Year 1 2019-2020\Sem2\Game Dev Workshop 2\March-27-P-Body-\SpriteLib3.0-ExampleProject\ExampleBaseScene.cpp(3226,39): warning C4312:  'type cast': conversion from 'unsigned int' to 'void *' of greater size
C:\Users\Alexander\Desktop\UOIT Game Dev\Year 1 2019-2020\Sem2\Game Dev Workshop 2\March-27-P-Body-\SpriteLib3.0-ExampleProject\ExampleBaseScene.cpp(3266,39): warning C4312:  'type cast': conversion from 'unsigned int' to 'void *' of greater size
C:\Users\Alexander\Desktop\UOIT Game Dev\Year 1 2019-2020\Sem2\Game Dev Workshop 2\March-27-P-Body-\SpriteLib3.0-ExampleProject\ExampleBaseScene.cpp(3306,39): warning C4312:  'type cast': conversion from 'unsigned int' to 'void *' of greater size
C:\Users\Alexander\Desktop\UOIT Game Dev\Year 1 2019-2020\Sem2\Game Dev Workshop 2\March-27-P-Body-\SpriteLib3.0-ExampleProject\ExampleBaseScene.cpp(3346,39): warning C4312:  'type cast': conversion from 'unsigned int' to 'void *' of greater size
C:\Users\Alexander\Desktop\UOIT Game Dev\Year 1 2019-2020\Sem2\Game Dev Workshop 2\March-27-P-Body-\SpriteLib3.0-ExampleProject\ExampleBaseScene.cpp(3386,39): warning C4312:  'type cast': conversion from 'unsigned int' to 'void *' of greater size
C:\Users\Alexander\Desktop\UOIT Game Dev\Year 1 2019-2020\Sem2\Game Dev Workshop 2\March-27-P-Body-\SpriteLib3.0-ExampleProject\ExampleBaseScene.cpp(3426,39): warning C4312:  'type cast': conversion from 'unsigned int' to 'void *' of greater size
C:\Users\Alexander\Desktop\UOIT Game Dev\Year 1 2019-2020\Sem2\Game Dev Workshop 2\March-27-P-Body-\SpriteLib3.0-ExampleProject\ExampleBaseScene.cpp(3466,39): warning C4312:  'type cast': conversion from 'unsigned int' to 'void *' of greater size
C:\Users\Alexander\Desktop\UOIT Game Dev\Year 1 2019-2020\Sem2\Game Dev Workshop 2\March-27-P-Body-\SpriteLib3.0-ExampleProject\ExampleBaseScene.cpp(3506,39): warning C4312:  'type cast': conversion from 'unsigned int' to 'void *' of greater size
C:\Users\Alexander\Desktop\UOIT Game Dev\Year 1 2019-2020\Sem2\Game Dev Workshop 2\March-27-P-Body-\SpriteLib3.0-ExampleProject\ExampleBaseScene.cpp(3546,39): warning C4312:  'type cast': conversion from 'unsigned int' to 'void *' of greater size
C:\Users\Alexander\Desktop\UOIT Game Dev\Year 1 2019-2020\Sem2\Game Dev Workshop 2\March-27-P-Body-\SpriteLib3.0-ExampleProject\ExampleBaseScene.cpp(3586,39): warning C4312:  'type cast': conversion from 'unsigned int' to 'void *' of greater size
C:\Users\Alexander\Desktop\UOIT Game Dev\Year 1 2019-2020\Sem2\Game Dev Workshop 2\March-27-P-Body-\SpriteLib3.0-ExampleProject\ExampleBaseScene.cpp(3626,39): warning C4312:  'type cast': conversion from 'unsigned int' to 'void *' of greater size
C:\Users\Alexander\Desktop\UOIT Game Dev\Year 1 2019-2020\Sem2\Game Dev Workshop 2\March-27-P-Body-\SpriteLib3.0-ExampleProject\ExampleBaseScene.cpp(3666,39): warning C4312:  'type cast': conversion from 'unsigned int' to 'void *' of greater size
C:\Users\Alexander\Desktop\UOIT Game Dev\Year 1 2019-2020\Sem2\Game Dev Workshop 2\March-27-P-Body-\SpriteLib3.0-ExampleProject\ExampleBaseScene.cpp(3706,39): warning C4312:  'type cast': conversion from 'unsigned int' to 'void *' of greater size
C:\Users\Alexander\Desktop\UOIT Game Dev\Year 1 2019-2020\Sem2\Game Dev Workshop 2\March-27-P-Body-\SpriteLib3.0-ExampleProject\ExampleBaseScene.cpp(3746,39): warning C4312:  'type cast': conversion from 'unsigned int' to 'void *' of greater size
C:\Users\Alexander\Desktop\UOIT Game Dev\Year 1 2019-2020\Sem2\Game Dev Workshop 2\March-27-P-Body-\SpriteLib3.0-ExampleProject\ExampleBaseScene.cpp(3786,39): warning C4312:  'type cast': conversion from 'unsigned int' to 'void *' of greater size
C:\Users\Alexander\Desktop\UOIT Game Dev\Year 1 2019-2020\Sem2\Game Dev Workshop 2\March-27-P-Body-\SpriteLib3.0-ExampleProject\ExampleBaseScene.cpp(3826,39): warning C4312:  'type cast': conversion from 'unsigned int' to 'void *' of greater size
C:\Users\Alexander\Desktop\UOIT Game Dev\Year 1 2019-2020\Sem2\Game Dev Workshop 2\March-27-P-Body-\SpriteLib3.0-ExampleProject\ExampleBaseScene.cpp(3866,39): warning C4312:  'type cast': conversion from 'unsigned int' to 'void *' of greater size
C:\Users\Alexander\Desktop\UOIT Game Dev\Year 1 2019-2020\Sem2\Game Dev Workshop 2\March-27-P-Body-\SpriteLib3.0-ExampleProject\ExampleBaseScene.cpp(3906,39): warning C4312:  'type cast': conversion from 'unsigned int' to 'void *' of greater size
C:\Users\Alexander\Desktop\UOIT Game Dev\Year 1 2019-2020\Sem2\Game Dev Workshop 2\March-27-P-Body-\SpriteLib3.0-ExampleProject\ExampleBaseScene.cpp(3946,39): warning C4312:  'type cast': conversion from 'unsigned int' to 'void *' of greater size
C:\Users\Alexander\Desktop\UOIT Game Dev\Year 1 2019-2020\Sem2\Game Dev Workshop 2\March-27-P-Body-\SpriteLib3.0-ExampleProject\ExampleBaseScene.cpp(3986,39): warning C4312:  'type cast': conversion from 'unsigned int' to 'void *' of greater size
C:\Users\Alexander\Desktop\UOIT Game Dev\Year 1 2019-2020\Sem2\Game Dev Workshop 2\March-27-P-Body-\SpriteLib3.0-ExampleProject\ExampleBaseScene.cpp(4026,39): warning C4312:  'type cast': conversion from 'unsigned int' to 'void *' of greater size
C:\Users\Alexander\Desktop\UOIT Game Dev\Year 1 2019-2020\Sem2\Game Dev Workshop 2\March-27-P-Body-\SpriteLib3.0-ExampleProject\ExampleBaseScene.cpp(4066,39): warning C4312:  'type cast': conversion from 'unsigned int' to 'void *' of greater size
C:\Users\Alexander\Desktop\UOIT Game Dev\Year 1 2019-2020\Sem2\Game Dev Workshop 2\March-27-P-Body-\SpriteLib3.0-ExampleProject\ExampleBaseScene.cpp(4106,39): warning C4312:  'type cast': conversion from 'unsigned int' to 'void *' of greater size
C:\Users\Alexander\Desktop\UOIT Game Dev\Year 1 2019-2020\Sem2\Game Dev Workshop 2\March-27-P-Body-\SpriteLib3.0-ExampleProject\ExampleBaseScene.cpp(4146,39): warning C4312:  'type cast': conversion from 'unsigned int' to 'void *' of greater size
C:\Users\Alexander\Desktop\UOIT Game Dev\Year 1 2019-2020\Sem2\Game Dev Workshop 2\March-27-P-Body-\SpriteLib3.0-ExampleProject\ExampleBaseScene.cpp(4186,39): warning C4312:  'type cast': conversion from 'unsigned int' to 'void *' of greater size
C:\Users\Alexander\Desktop\UOIT Game Dev\Year 1 2019-2020\Sem2\Game Dev Workshop 2\March-27-P-Body-\SpriteLib3.0-ExampleProject\ExampleBaseScene.cpp(4226,39): warning C4312:  'type cast': conversion from 'unsigned int' to 'void *' of greater size
C:\Users\Alexander\Desktop\UOIT Game Dev\Year 1 2019-2020\Sem2\Game Dev Workshop 2\March-27-P-Body-\SpriteLib3.0-ExampleProject\ExampleBaseScene.cpp(4266,39): warning C4312:  'type cast': conversion from 'unsigned int' to 'void *' of greater size
C:\Users\Alexander\Desktop\UOIT Game Dev\Year 1 2019-2020\Sem2\Game Dev Workshop 2\March-27-P-Body-\SpriteLib3.0-ExampleProject\ExampleBaseScene.cpp(4306,39): warning C4312:  'type cast': conversion from 'unsigned int' to 'void *' of greater size
C:\Users\Alexander\Desktop\UOIT Game Dev\Year 1 2019-2020\Sem2\Game Dev Workshop 2\March-27-P-Body-\SpriteLib3.0-ExampleProject\ExampleBaseScene.cpp(4346,39): warning C4312:  'type cast': conversion from 'unsigned int' to 'void *' of greater size
C:\Users\Alexander\Desktop\UOIT Game Dev\Year 1 2019-2020\Sem2\Game Dev Workshop 2\March-27-P-Body-\SpriteLib3.0-ExampleProject\ExampleBaseScene.cpp(4386,39): warning C4312:  'type cast': conversion from 'unsigned int' to 'void *' of greater size
C:\Users\Alexander\Desktop\UOIT Game Dev\Year 1 2019-2020\Sem2\Game Dev Workshop 2\March-27-P-Body-\SpriteLib3.0-ExampleProject\ExampleBaseScene.cpp(4426,39): warning C4312:  'type cast': conversion from 'unsigned int' to 'void *' of greater size
C:\Users\Alexander\Desktop\UOIT Game Dev\Year 1 2019-2020\Sem2\Game Dev Workshop 2\March-27-P-Body-\SpriteLib3.0-ExampleProject\ExampleBaseScene.cpp(4466,39): warning C4312:  'type cast': conversion from 'unsigned int' to 'void *' of greater size
C:\Users\Alexander\Desktop\UOIT Game Dev\Year 1 2019-2020\Sem2\Game Dev Workshop 2\March-27-P-Body-\SpriteLib3.0-ExampleProject\ExampleBaseScene.cpp(4506,39): warning C4312:  'type cast': conversion from 'unsigned int' to 'void *' of greater size
C:\Users\Alexander\Desktop\UOIT Game Dev\Year 1 2019-2020\Sem2\Game Dev Workshop 2\March-27-P-Body-\SpriteLib3.0-ExampleProject\ExampleBaseScene.cpp(4546,39): warning C4312:  'type cast': conversion from 'unsigned int' to 'void *' of greater size
C:\Users\Alexander\Desktop\UOIT Game Dev\Year 1 2019-2020\Sem2\Game Dev Workshop 2\March-27-P-Body-\SpriteLib3.0-ExampleProject\ExampleBaseScene.cpp(4586,39): warning C4312:  'type cast': conversion from 'unsigned int' to 'void *' of greater size
C:\Users\Alexander\Desktop\UOIT Game Dev\Year 1 2019-2020\Sem2\Game Dev Workshop 2\March-27-P-Body-\SpriteLib3.0-ExampleProject\ExampleBaseScene.cpp(4626,39): warning C4312:  'type cast': conversion from 'unsigned int' to 'void *' of greater size
C:\Users\Alexander\Desktop\UOIT Game Dev\Year 1 2019-2020\Sem2\Game Dev Workshop 2\March-27-P-Body-\SpriteLib3.0-ExampleProject\ExampleBaseScene.cpp(4666,39): warning C4312:  'type cast': conversion from 'unsigned int' to 'void *' of greater size
C:\Users\Alexander\Desktop\UOIT Game Dev\Year 1 2019-2020\Sem2\Game Dev Workshop 2\March-27-P-Body-\SpriteLib3.0-ExampleProject\ExampleBaseScene.cpp(4706,39): warning C4312:  'type cast': conversion from 'unsigned int' to 'void *' of greater size
C:\Users\Alexander\Desktop\UOIT Game Dev\Year 1 2019-2020\Sem2\Game Dev Workshop 2\March-27-P-Body-\SpriteLib3.0-ExampleProject\ExampleBaseScene.cpp(4746,39): warning C4312:  'type cast': conversion from 'unsigned int' to 'void *' of greater size
C:\Users\Alexander\Desktop\UOIT Game Dev\Year 1 2019-2020\Sem2\Game Dev Workshop 2\March-27-P-Body-\SpriteLib3.0-ExampleProject\ExampleBaseScene.cpp(4786,39): warning C4312:  'type cast': conversion from 'unsigned int' to 'void *' of greater size
C:\Users\Alexander\Desktop\UOIT Game Dev\Year 1 2019-2020\Sem2\Game Dev Workshop 2\March-27-P-Body-\SpriteLib3.0-ExampleProject\ExampleBaseScene.cpp(4826,39): warning C4312:  'type cast': conversion from 'unsigned int' to 'void *' of greater size
C:\Users\Alexander\Desktop\UOIT Game Dev\Year 1 2019-2020\Sem2\Game Dev Workshop 2\March-27-P-Body-\SpriteLib3.0-ExampleProject\ExampleBaseScene.cpp(4866,39): warning C4312:  'type cast': conversion from 'unsigned int' to 'void *' of greater size
C:\Users\Alexander\Desktop\UOIT Game Dev\Year 1 2019-2020\Sem2\Game Dev Workshop 2\March-27-P-Body-\SpriteLib3.0-ExampleProject\ExampleBaseScene.cpp(4906,39): warning C4312:  'type cast': conversion from 'unsigned int' to 'void *' of greater size
C:\Users\Alexander\Desktop\UOIT Game Dev\Year 1 2019-2020\Sem2\Game Dev Workshop 2\March-27-P-Body-\SpriteLib3.0-ExampleProject\ExampleBaseScene.cpp(4946,39): warning C4312:  'type cast': conversion from 'unsigned int' to 'void *' of greater size
C:\Users\Alexander\Desktop\UOIT Game Dev\Year 1 2019-2020\Sem2\Game Dev Workshop 2\March-27-P-Body-\SpriteLib3.0-ExampleProject\ExampleBaseScene.cpp(4990,39): warning C4312:  'type cast': conversion from 'unsigned int' to 'void *' of greater size
C:\Users\Alexander\Desktop\UOIT Game Dev\Year 1 2019-2020\Sem2\Game Dev Workshop 2\March-27-P-Body-\SpriteLib3.0-ExampleProject\ExampleBaseScene.cpp(5030,39): warning C4312:  'type cast': conversion from 'unsigned int' to 'void *' of greater size
C:\Users\Alexander\Desktop\UOIT Game Dev\Year 1 2019-2020\Sem2\Game Dev Workshop 2\March-27-P-Body-\SpriteLib3.0-ExampleProject\ExampleBaseScene.cpp(5070,39): warning C4312:  'type cast': conversion from 'unsigned int' to 'void *' of greater size
C:\Users\Alexander\Desktop\UOIT Game Dev\Year 1 2019-2020\Sem2\Game Dev Workshop 2\March-27-P-Body-\SpriteLib3.0-ExampleProject\ExampleBaseScene.cpp(5115,39): warning C4312:  'type cast': conversion from 'unsigned int' to 'void *' of greater size
C:\Users\Alexander\Desktop\UOIT Game Dev\Year 1 2019-2020\Sem2\Game Dev Workshop 2\March-27-P-Body-\SpriteLib3.0-ExampleProject\ExampleBaseScene.cpp(5155,39): warning C4312:  'type cast': conversion from 'unsigned int' to 'void *' of greater size
C:\Users\Alexander\Desktop\UOIT Game Dev\Year 1 2019-2020\Sem2\Game Dev Workshop 2\March-27-P-Body-\SpriteLib3.0-ExampleProject\ExampleBaseScene.cpp(5195,39): warning C4312:  'type cast': conversion from 'unsigned int' to 'void *' of greater size
C:\Users\Alexander\Desktop\UOIT Game Dev\Year 1 2019-2020\Sem2\Game Dev Workshop 2\March-27-P-Body-\SpriteLib3.0-ExampleProject\ExampleBaseScene.cpp(5235,39): warning C4312:  'type cast': conversion from 'unsigned int' to 'void *' of greater size
C:\Users\Alexander\Desktop\UOIT Game Dev\Year 1 2019-2020\Sem2\Game Dev Workshop 2\March-27-P-Body-\SpriteLib3.0-ExampleProject\ExampleBaseScene.cpp(5275,39): warning C4312:  'type cast': conversion from 'unsigned int' to 'void *' of greater size
C:\Users\Alexander\Desktop\UOIT Game Dev\Year 1 2019-2020\Sem2\Game Dev Workshop 2\March-27-P-Body-\SpriteLib3.0-ExampleProject\ExampleBaseScene.cpp(5315,39): warning C4312:  'type cast': conversion from 'unsigned int' to 'void *' of greater size
C:\Users\Alexander\Desktop\UOIT Game Dev\Year 1 2019-2020\Sem2\Game Dev Workshop 2\March-27-P-Body-\SpriteLib3.0-ExampleProject\ExampleBaseScene.cpp(5355,39): warning C4312:  'type cast': conversion from 'unsigned int' to 'void *' of greater size
  Game.cpp
C:\Users\Alexander\Desktop\UOIT Game Dev\Year 1 2019-2020\Sem2\Game Dev Workshop 2\March-27-P-Body-\SpriteLib3.0-ExampleProject\ExampleBaseScene.cpp(5515,9): warning C4553:  '==': result of expression not used; did you intend '='?
C:\Users\Alexander\Desktop\UOIT Game Dev\Year 1 2019-2020\Sem2\Game Dev Workshop 2\March-27-P-Body-\SpriteLib3.0-ExampleProject\Game.cpp(126,21): warning C4244:  '=': conversion from 'float' to 'int', possible loss of data
C:\Users\Alexander\Desktop\UOIT Game Dev\Year 1 2019-2020\Sem2\Game Dev Workshop 2\March-27-P-Body-\SpriteLib3.0-ExampleProject\Game.cpp(285,48): warning C4244:  'argument': conversion from 'double' to 'float', possible loss of data
C:\Users\Alexander\Desktop\UOIT Game Dev\Year 1 2019-2020\Sem2\Game Dev Workshop 2\March-27-P-Body-\SpriteLib3.0-ExampleProject\Game.cpp(302,14): warning C4553:  '==': result of expression not used; did you intend '='?
  Generating Code...
C:\Users\Alexander\Desktop\UOIT Game Dev\Year 1 2019-2020\Sem2\Game Dev Workshop 2\March-27-P-Body-\SpriteLib3.0-ExampleProject\Game.cpp(671,48): warning C4244:  'argument': conversion from 'double' to 'float', possible loss of data
  SpriteLib3.0-ExampleProject.vcxproj -> C:\Users\Alexander\Desktop\UOIT Game Dev\Year 1 2019-2020\Sem2\Game Dev Workshop 2\March-27-P-Body-\x64\Debug\SpriteLib3.0-ExampleProject.exe
